<challenge>
  <name>Test A</name>
  <problem><![CDATA[Test A]]></problem>
  <tags>tag</tags>
  <programming_languages>
    <programming_language>
      <code>Python3</code>
      <submission_template><![CDATA[a]]></submission_template>
    </programming_language>
  </programming_languages>
  <testcases>
    <testcase>
      <cpu_time_limit>2000</cpu_time_limit>
      <memory_limit>8388608</memory_limit>
      <is_public>0</is_public>
      <hint><![CDATA[]]></hint>
      <input format="file">in1.txt</input>
      <output format="file">out1.txt</output>
      <infile format="file">infile1.txt</infile>
    </testcase>
    <testcase>
      <cpu_time_limit>2000</cpu_time_limit>
      <memory_limit>8388608</memory_limit>
      <is_public>0</is_public>
      <hint><![CDATA[]]></hint>
      <input format="file">in2.txt</input>
      <output format="file">out2.txt</output>
      <infile format="file">infile2.txt</infile>
    </testcase>
    <testcase>
      <cpu_time_limit>2000</cpu_time_limit>
      <memory_limit>8388608</memory_limit>
      <is_public>0</is_public>
      <hint><![CDATA[]]></hint>
      <input format="file">in3.txt</input>
      <output format="file">out3.txt</output>
      <infile format="file">infile3.txt</infile>
    </testcase>
    <testcase>
      <cpu_time_limit>2000</cpu_time_limit>
      <memory_limit>8388608</memory_limit>
      <is_public>0</is_public>
      <hint><![CDATA[]]></hint>
      <input format="file">in4.txt</input>
      <output format="file">out4.txt</output>
      <infile format="file">infile4.txt</infile>
    </testcase>
    <testcase>
      <cpu_time_limit>2000</cpu_time_limit>
      <memory_limit>8388608</memory_limit>
      <is_public>0</is_public>
      <hint><![CDATA[]]></hint>
      <input format="file">in5.txt</input>
      <output format="file">out5.txt</output>
      <infile format="file">infile5.txt</infile>
    </testcase>
    <testcase>
      <cpu_time_limit>2000</cpu_time_limit>
      <memory_limit>8388608</memory_limit>
      <is_public>0</is_public>
      <hint><![CDATA[]]></hint>
      <input format="file">in6.txt</input>
      <output format="file">out6.txt</output>
      <infile format="file">infile6.txt</infile>
    </testcase>
    <testcase>
      <cpu_time_limit>2000</cpu_time_limit>
      <memory_limit>8388608</memory_limit>
      <is_public>0</is_public>
      <hint><![CDATA[]]></hint>
      <input format="file">in7.txt</input>
      <output format="file">out7.txt</output>
      <infile format="file">infile7.txt</infile>
    </testcase>
    <testcase>
      <cpu_time_limit>2000</cpu_time_limit>
      <memory_limit>8388608</memory_limit>
      <is_public>0</is_public>
      <hint><![CDATA[]]></hint>
      <input format="file">in8.txt</input>
      <output format="file">out8.txt</output>
      <infile format="file">infile8.txt</infile>
    </testcase>
    <testcase>
      <cpu_time_limit>2000</cpu_time_limit>
      <memory_limit>8388608</memory_limit>
      <is_public>0</is_public>
      <hint><![CDATA[]]></hint>
      <input format="file">in9.txt</input>
      <output format="file">out9.txt</output>
      <infile format="file">infile9.txt</infile>
    </testcase>
  </testcases>
</challenge>
